Process
=======
compile

Command Line
============
D:\graalvm-svm-windows-gluon-21.1.0-dev\bin\native-image.cmd "-Djdk.internal.lambda.eagerlyInitialize=false" --no-server -H:+ExitAfterRelocatableImageWrite -H:+SharedLibrary -H:+AddAllCharsets -H:+ReportExceptionStackTraces -H:-DeadlockWatchdogExitOnTimeout "-H:DeadlockWatchdogInterval=0" -H:+RemoveSaturatedTypeFlows "--features=org.graalvm.home.HomeFinderFeature" "-H:TempDirectory=c:\Users\WillTerner\gitRepository\eclipse-workspace\shutdownApplication\target\client\x86_64-windows\gvm\tmp" "-H:EnableURLProtocols=http,https" "-H:ReflectionConfigurationFiles=c:\Users\WillTerner\gitRepository\eclipse-workspace\shutdownApplication\target\client\x86_64-windows\gvm\reflectionconfig-x86_64-windows.json" "-H:JNIConfigurationFiles=c:\Users\WillTerner\gitRepository\eclipse-workspace\shutdownApplication\target\client\x86_64-windows\gvm\jniconfig-x86_64-windows.json" "-H:ResourceConfigurationFiles=c:\Users\WillTerner\gitRepository\eclipse-workspace\shutdownApplication\target\client\x86_64-windows\gvm\resourceconfig-x86_64-windows.json" "-H:IncludeResourceBundles=com/sun/javafx/scene/control/skin/resources/controls,com/sun/javafx/scene/control/skin/resources/controls-nt,com.sun.javafx.tk.quantum.QuantumMessagesBundle" "-Dsvm.platform=org.graalvm.nativeimage.Platform$WINDOWS_AMD64" -cp "c:\Users\WillTerner\gitRepository\eclipse-workspace\shutdownApplication\target\client\x86_64-windows\gvm\tmp\classpathJar.jar" com.ternerwill.Main

Output
======
Warning: Ignoring server-mode native-image argument --no-server.
[com.ternerwill.main:11928]    classlist:   2,283.86 ms,  0.96 GB
[com.ternerwill.main:11928]        (cap):   1,496.94 ms,  0.96 GB
[com.ternerwill.main:11928]        setup:   4,323.45 ms,  0.96 GB
[com.ternerwill.main:11928]     (clinit):     765.06 ms,  5.08 GB
[com.ternerwill.main:11928]   (typeflow):  24,051.57 ms,  5.08 GB
[com.ternerwill.main:11928]    (objects):  29,041.94 ms,  5.08 GB
[com.ternerwill.main:11928]   (features):   2,915.35 ms,  5.08 GB
[com.ternerwill.main:11928]     analysis:  58,412.21 ms,  5.08 GB
[com.ternerwill.main:11928]     universe:   2,018.31 ms,  5.08 GB
[com.ternerwill.main:11928]      (parse):   8,630.60 ms,  5.02 GB
[com.ternerwill.main:11928]     (inline):  11,321.55 ms,  6.26 GB
[com.ternerwill.main:11928]    (compile):  44,971.81 ms,  5.81 GB
[com.ternerwill.main:11928]      compile:  67,948.72 ms,  5.93 GB
[com.ternerwill.main:11928]        image:   6,415.78 ms,  5.93 GB
[com.ternerwill.main:11928]        write:     161.34 ms,  5.93 GB
# Printing build artifacts to: com.ternerwill.main.build_artifacts.txt
[com.ternerwill.main:11928]      [total]: 142,159.27 ms,  5.93 GB


Result
======
result: 0