Process
=======
compile

Command Line
============
D:\graalvm-svm-windows-gluon-21.1.0-dev\bin\native-image.cmd "-Djdk.internal.lambda.eagerlyInitialize=false" --no-server -H:+ExitAfterRelocatableImageWrite -H:+SharedLibrary -H:+AddAllCharsets -H:+ReportExceptionStackTraces -H:-DeadlockWatchdogExitOnTimeout "-H:DeadlockWatchdogInterval=0" -H:+RemoveSaturatedTypeFlows "--features=org.graalvm.home.HomeFinderFeature" "-H:TempDirectory=C:\Users\WillTerner\gitRepository\eclipse-workspace\shutdownApplication\target\client\x86_64-windows\gvm\tmp" "-H:EnableURLProtocols=http,https" "-H:ReflectionConfigurationFiles=C:\Users\WillTerner\gitRepository\eclipse-workspace\shutdownApplication\target\client\x86_64-windows\gvm\reflectionconfig-x86_64-windows.json" "-H:JNIConfigurationFiles=C:\Users\WillTerner\gitRepository\eclipse-workspace\shutdownApplication\target\client\x86_64-windows\gvm\jniconfig-x86_64-windows.json" "-H:ResourceConfigurationFiles=C:\Users\WillTerner\gitRepository\eclipse-workspace\shutdownApplication\target\client\x86_64-windows\gvm\resourceconfig-x86_64-windows.json" "-H:IncludeResourceBundles=com/sun/javafx/scene/control/skin/resources/controls,com/sun/javafx/scene/control/skin/resources/controls-nt,com.sun.javafx.tk.quantum.QuantumMessagesBundle" "-Dsvm.platform=org.graalvm.nativeimage.Platform$WINDOWS_AMD64" -cp "C:\Users\WillTerner\gitRepository\eclipse-workspace\shutdownApplication\target\client\x86_64-windows\gvm\tmp\classpathJar.jar" com.ternerwill.Main

Output
======
Warning: Ignoring server-mode native-image argument --no-server.
[com.ternerwill.main:18576]    classlist:   2,253.01 ms,  0.96 GB
[com.ternerwill.main:18576]        (cap):   1,509.43 ms,  0.96 GB
[com.ternerwill.main:18576]        setup:   4,369.46 ms,  0.96 GB
[com.ternerwill.main:18576]     (clinit):     857.78 ms,  5.24 GB
[com.ternerwill.main:18576]   (typeflow):  27,341.35 ms,  5.24 GB
[com.ternerwill.main:18576]    (objects):  32,710.01 ms,  5.24 GB
[com.ternerwill.main:18576]   (features):   3,585.48 ms,  5.24 GB
[com.ternerwill.main:18576]     analysis:  66,465.92 ms,  5.24 GB
[com.ternerwill.main:18576]     universe:   2,045.92 ms,  5.24 GB
[com.ternerwill.main:18576]      (parse):   7,661.72 ms,  5.24 GB
[com.ternerwill.main:18576]     (inline):  11,458.49 ms,  5.80 GB
[com.ternerwill.main:18576]    (compile):  47,081.57 ms,  5.84 GB
[com.ternerwill.main:18576]      compile:  68,881.40 ms,  5.84 GB
[com.ternerwill.main:18576]        image:   7,608.60 ms,  5.91 GB
[com.ternerwill.main:18576]        write:     162.51 ms,  5.91 GB
# Printing build artifacts to: com.ternerwill.main.build_artifacts.txt
[com.ternerwill.main:18576]      [total]: 152,361.46 ms,  5.91 GB


Result
======
result: 0