Process
=======
compile

Command Line
============
D:\graalvm-svm-windows-gluon-21.1.0-dev\bin\native-image.cmd "-Djdk.internal.lambda.eagerlyInitialize=false" --no-server -H:+ExitAfterRelocatableImageWrite -H:+SharedLibrary -H:+AddAllCharsets -H:+ReportExceptionStackTraces -H:-DeadlockWatchdogExitOnTimeout "-H:DeadlockWatchdogInterval=0" -H:+RemoveSaturatedTypeFlows "--features=org.graalvm.home.HomeFinderFeature" "-H:TempDirectory=C:\Users\WillTerner\gitRepository\eclipse-workspace\shutdownApplication\target\client\x86_64-windows\gvm\tmp" "-H:EnableURLProtocols=http,https" "-H:ReflectionConfigurationFiles=C:\Users\WillTerner\gitRepository\eclipse-workspace\shutdownApplication\target\client\x86_64-windows\gvm\reflectionconfig-x86_64-windows.json" "-H:JNIConfigurationFiles=C:\Users\WillTerner\gitRepository\eclipse-workspace\shutdownApplication\target\client\x86_64-windows\gvm\jniconfig-x86_64-windows.json" "-H:ResourceConfigurationFiles=C:\Users\WillTerner\gitRepository\eclipse-workspace\shutdownApplication\target\client\x86_64-windows\gvm\resourceconfig-x86_64-windows.json" "-H:IncludeResourceBundles=com/sun/javafx/scene/control/skin/resources/controls,com/sun/javafx/scene/control/skin/resources/controls-nt,com.sun.javafx.tk.quantum.QuantumMessagesBundle" "-Dsvm.platform=org.graalvm.nativeimage.Platform$WINDOWS_AMD64" -cp "C:\Users\WillTerner\gitRepository\eclipse-workspace\shutdownApplication\target\client\x86_64-windows\gvm\tmp\classpathJar.jar" com.ternerwill.Main

Output
======
Warning: Ignoring server-mode native-image argument --no-server.
[com.ternerwill.main:15556]    classlist:   2,255.50 ms,  0.96 GB
[com.ternerwill.main:15556]        (cap):   1,446.97 ms,  0.96 GB
[com.ternerwill.main:15556]        setup:   4,235.34 ms,  0.96 GB
[com.ternerwill.main:15556]     (clinit):     828.24 ms,  5.22 GB
[com.ternerwill.main:15556]   (typeflow):  26,327.32 ms,  5.22 GB
[com.ternerwill.main:15556]    (objects):  32,284.34 ms,  5.22 GB
[com.ternerwill.main:15556]   (features):   3,381.45 ms,  5.22 GB
[com.ternerwill.main:15556]     analysis:  64,610.72 ms,  5.22 GB
[com.ternerwill.main:15556]     universe:   1,934.78 ms,  5.22 GB
[com.ternerwill.main:15556]      (parse):   7,191.00 ms,  5.22 GB
[com.ternerwill.main:15556]     (inline):  11,167.50 ms,  5.79 GB
[com.ternerwill.main:15556]    (compile):  44,003.65 ms,  5.99 GB
[com.ternerwill.main:15556]      compile:  64,894.42 ms,  5.99 GB
[com.ternerwill.main:15556]        image:   7,016.68 ms,  5.97 GB
[com.ternerwill.main:15556]        write:     155.62 ms,  5.97 GB
# Printing build artifacts to: com.ternerwill.main.build_artifacts.txt
[com.ternerwill.main:15556]      [total]: 145,680.52 ms,  5.97 GB


Result
======
result: 0