Process
=======
compile

Command Line
============
D:\graalvm-svm-windows-gluon-21.1.0-dev\bin\native-image.cmd "-Djdk.internal.lambda.eagerlyInitialize=false" --no-server -H:+ExitAfterRelocatableImageWrite -H:+SharedLibrary -H:+AddAllCharsets -H:+ReportExceptionStackTraces -H:-DeadlockWatchdogExitOnTimeout "-H:DeadlockWatchdogInterval=0" -H:+RemoveSaturatedTypeFlows "--features=org.graalvm.home.HomeFinderFeature" "-H:TempDirectory=C:\Users\WillTerner\gitRepository\eclipse-workspace\shutdownApplication\target\client\x86_64-windows\gvm\tmp" "-H:EnableURLProtocols=http,https" "-H:ReflectionConfigurationFiles=C:\Users\WillTerner\gitRepository\eclipse-workspace\shutdownApplication\target\client\x86_64-windows\gvm\reflectionconfig-x86_64-windows.json" "-H:JNIConfigurationFiles=C:\Users\WillTerner\gitRepository\eclipse-workspace\shutdownApplication\target\client\x86_64-windows\gvm\jniconfig-x86_64-windows.json" "-H:ResourceConfigurationFiles=C:\Users\WillTerner\gitRepository\eclipse-workspace\shutdownApplication\target\client\x86_64-windows\gvm\resourceconfig-x86_64-windows.json" "-H:IncludeResourceBundles=com/sun/javafx/scene/control/skin/resources/controls,com/sun/javafx/scene/control/skin/resources/controls-nt,com.sun.javafx.tk.quantum.QuantumMessagesBundle" "-Dsvm.platform=org.graalvm.nativeimage.Platform$WINDOWS_AMD64" -cp "C:\Users\WillTerner\gitRepository\eclipse-workspace\shutdownApplication\target\client\x86_64-windows\gvm\tmp\classpathJar.jar" com.ternerwill.Main

Output
======
Warning: Ignoring server-mode native-image argument --no-server.
[com.ternerwill.main:8936]    classlist:   2,164.34 ms,  0.96 GB
[com.ternerwill.main:8936]        (cap):   1,476.65 ms,  0.96 GB
[com.ternerwill.main:8936]        setup:   4,272.88 ms,  0.96 GB
[com.ternerwill.main:8936]     (clinit):     965.68 ms,  5.22 GB
[com.ternerwill.main:8936]   (typeflow):  25,996.13 ms,  5.22 GB
[com.ternerwill.main:8936]    (objects):  32,416.10 ms,  5.22 GB
[com.ternerwill.main:8936]   (features):   3,459.43 ms,  5.22 GB
[com.ternerwill.main:8936]     analysis:  65,023.69 ms,  5.22 GB
[com.ternerwill.main:8936]     universe:   3,182.97 ms,  5.22 GB
[com.ternerwill.main:8936]      (parse):   8,167.96 ms,  5.22 GB
[com.ternerwill.main:8936]     (inline):  11,410.79 ms,  5.79 GB
[com.ternerwill.main:8936]    (compile):  45,404.45 ms,  5.99 GB
[com.ternerwill.main:8936]      compile:  67,673.80 ms,  5.99 GB
[com.ternerwill.main:8936]        image:   7,277.10 ms,  5.98 GB
[com.ternerwill.main:8936]        write:     161.67 ms,  5.98 GB
# Printing build artifacts to: com.ternerwill.main.build_artifacts.txt
[com.ternerwill.main:8936]      [total]: 150,557.99 ms,  5.98 GB


Result
======
result: 0