Process
=======
compile

Command Line
============
D:\graalvm-svm-windows-gluon-21.1.0-dev\bin\native-image.cmd "-Djdk.internal.lambda.eagerlyInitialize=false" --no-server -H:+ExitAfterRelocatableImageWrite -H:+SharedLibrary -H:+AddAllCharsets -H:+ReportExceptionStackTraces -H:-DeadlockWatchdogExitOnTimeout "-H:DeadlockWatchdogInterval=0" -H:+RemoveSaturatedTypeFlows "--features=org.graalvm.home.HomeFinderFeature" "-H:TempDirectory=C:\Users\WillTerner\gitRepository\eclipse-workspace\shutdownApplication\target\client\x86_64-windows\gvm\tmp" "-H:EnableURLProtocols=http,https" "-H:ReflectionConfigurationFiles=C:\Users\WillTerner\gitRepository\eclipse-workspace\shutdownApplication\target\client\x86_64-windows\gvm\reflectionconfig-x86_64-windows.json" "-H:JNIConfigurationFiles=C:\Users\WillTerner\gitRepository\eclipse-workspace\shutdownApplication\target\client\x86_64-windows\gvm\jniconfig-x86_64-windows.json" "-H:ResourceConfigurationFiles=C:\Users\WillTerner\gitRepository\eclipse-workspace\shutdownApplication\target\client\x86_64-windows\gvm\resourceconfig-x86_64-windows.json" "-H:IncludeResourceBundles=com/sun/javafx/scene/control/skin/resources/controls,com/sun/javafx/scene/control/skin/resources/controls-nt,com.sun.javafx.tk.quantum.QuantumMessagesBundle" "-Dsvm.platform=org.graalvm.nativeimage.Platform$WINDOWS_AMD64" -cp "C:\Users\WillTerner\gitRepository\eclipse-workspace\shutdownApplication\target\client\x86_64-windows\gvm\tmp\classpathJar.jar" com.ternerwill.Main

Output
======
Warning: Ignoring server-mode native-image argument --no-server.
[com.ternerwill.main:14380]    classlist:   2,227.73 ms,  0.96 GB
[com.ternerwill.main:14380]        (cap):   1,487.30 ms,  0.95 GB
[com.ternerwill.main:14380]        setup:   4,428.41 ms,  0.95 GB
[com.ternerwill.main:14380]     (clinit):     968.20 ms,  4.72 GB
[com.ternerwill.main:14380]   (typeflow):  24,647.42 ms,  4.72 GB
[com.ternerwill.main:14380]    (objects):  34,961.04 ms,  4.72 GB
[com.ternerwill.main:14380]   (features):   3,464.30 ms,  4.72 GB
[com.ternerwill.main:14380]     analysis:  65,976.10 ms,  4.72 GB
[com.ternerwill.main:14380]     universe:   2,257.61 ms,  4.72 GB
[com.ternerwill.main:14380]      (parse):   8,672.69 ms,  4.80 GB
[com.ternerwill.main:14380]     (inline):  12,727.07 ms,  6.28 GB
[com.ternerwill.main:14380]    (compile):  51,826.44 ms,  7.05 GB
[com.ternerwill.main:14380]      compile:  75,679.30 ms,  7.05 GB
[com.ternerwill.main:14380]        image:   6,784.96 ms,  6.70 GB
[com.ternerwill.main:14380]        write:     188.56 ms,  6.70 GB
# Printing build artifacts to: com.ternerwill.main.build_artifacts.txt
[com.ternerwill.main:14380]      [total]: 158,311.53 ms,  6.70 GB


Result
======
result: 0