Process
=======
compile

Command Line
============
D:\graalvm-svm-windows-gluon-21.1.0-dev\bin\native-image.cmd "-Djdk.internal.lambda.eagerlyInitialize=false" --no-server -H:+ExitAfterRelocatableImageWrite -H:+SharedLibrary -H:+AddAllCharsets -H:+ReportExceptionStackTraces -H:-DeadlockWatchdogExitOnTimeout "-H:DeadlockWatchdogInterval=0" -H:+RemoveSaturatedTypeFlows "--features=org.graalvm.home.HomeFinderFeature" "-H:TempDirectory=C:\Users\WillTerner\gitRepository\eclipse-workspace\shutdownApplication\target\client\x86_64-windows\gvm\tmp" "-H:EnableURLProtocols=http,https" "-H:ReflectionConfigurationFiles=C:\Users\WillTerner\gitRepository\eclipse-workspace\shutdownApplication\target\client\x86_64-windows\gvm\reflectionconfig-x86_64-windows.json" "-H:JNIConfigurationFiles=C:\Users\WillTerner\gitRepository\eclipse-workspace\shutdownApplication\target\client\x86_64-windows\gvm\jniconfig-x86_64-windows.json" "-H:ResourceConfigurationFiles=C:\Users\WillTerner\gitRepository\eclipse-workspace\shutdownApplication\target\client\x86_64-windows\gvm\resourceconfig-x86_64-windows.json" "-H:IncludeResourceBundles=com/sun/javafx/scene/control/skin/resources/controls,com/sun/javafx/scene/control/skin/resources/controls-nt,com.sun.javafx.tk.quantum.QuantumMessagesBundle" "-Dsvm.platform=org.graalvm.nativeimage.Platform$WINDOWS_AMD64" -cp "C:\Users\WillTerner\gitRepository\eclipse-workspace\shutdownApplication\target\client\x86_64-windows\gvm\tmp\classpathJar.jar" com.ternerwill.Main

Output
======
Warning: Ignoring server-mode native-image argument --no-server.
[com.ternerwill.main:20420]    classlist:   2,907.04 ms,  0.96 GB
[com.ternerwill.main:20420]        (cap):   1,662.71 ms,  0.95 GB
[com.ternerwill.main:20420]        setup:   5,307.10 ms,  0.95 GB
[com.ternerwill.main:20420]     (clinit):     957.43 ms,  4.73 GB
[com.ternerwill.main:20420]   (typeflow):  29,466.31 ms,  4.73 GB
[com.ternerwill.main:20420]    (objects):  30,640.41 ms,  4.73 GB
[com.ternerwill.main:20420]   (features):   4,567.47 ms,  4.73 GB
[com.ternerwill.main:20420]     analysis:  67,765.53 ms,  4.73 GB
[com.ternerwill.main:20420]     universe:   2,487.34 ms,  4.73 GB
[com.ternerwill.main:20420]      (parse):   8,727.50 ms,  5.12 GB
[com.ternerwill.main:20420]     (inline):  10,544.30 ms,  6.29 GB
[com.ternerwill.main:20420]    (compile):  44,160.57 ms,  6.26 GB
[com.ternerwill.main:20420]      compile:  66,540.45 ms,  6.26 GB
[com.ternerwill.main:20420]        image:   8,977.97 ms,  6.23 GB
[com.ternerwill.main:20420]        write:     186.13 ms,  6.23 GB
# Printing build artifacts to: com.ternerwill.main.build_artifacts.txt
[com.ternerwill.main:20420]      [total]: 154,922.20 ms,  6.23 GB


Result
======
result: 0