Process
=======
compile

Command Line
============
D:\graalvm-svm-windows-gluon-21.1.0-dev\bin\native-image.cmd "-Djdk.internal.lambda.eagerlyInitialize=false" --no-server -H:+ExitAfterRelocatableImageWrite -H:+SharedLibrary -H:+AddAllCharsets -H:+ReportExceptionStackTraces -H:-DeadlockWatchdogExitOnTimeout "-H:DeadlockWatchdogInterval=0" -H:+RemoveSaturatedTypeFlows "--features=org.graalvm.home.HomeFinderFeature" "-H:TempDirectory=C:\Users\WillTerner\gitRepository\eclipse-workspace\shutdownApplication\target\client\x86_64-windows\gvm\tmp" "-H:EnableURLProtocols=http,https" "-H:ReflectionConfigurationFiles=C:\Users\WillTerner\gitRepository\eclipse-workspace\shutdownApplication\target\client\x86_64-windows\gvm\reflectionconfig-x86_64-windows.json" "-H:JNIConfigurationFiles=C:\Users\WillTerner\gitRepository\eclipse-workspace\shutdownApplication\target\client\x86_64-windows\gvm\jniconfig-x86_64-windows.json" "-H:ResourceConfigurationFiles=C:\Users\WillTerner\gitRepository\eclipse-workspace\shutdownApplication\target\client\x86_64-windows\gvm\resourceconfig-x86_64-windows.json" "-H:IncludeResourceBundles=com/sun/javafx/scene/control/skin/resources/controls,com/sun/javafx/scene/control/skin/resources/controls-nt,com.sun.javafx.tk.quantum.QuantumMessagesBundle" "-Dsvm.platform=org.graalvm.nativeimage.Platform$WINDOWS_AMD64" -cp "C:\Users\WillTerner\gitRepository\eclipse-workspace\shutdownApplication\target\client\x86_64-windows\gvm\tmp\classpathJar.jar" com.ternerwill.Main

Output
======
Warning: Ignoring server-mode native-image argument --no-server.
[com.ternerwill.main:9440]    classlist:   2,251.04 ms,  0.96 GB
[com.ternerwill.main:9440]        (cap):   1,440.59 ms,  0.96 GB
[com.ternerwill.main:9440]        setup:   4,266.49 ms,  0.96 GB
[com.ternerwill.main:9440]     (clinit):     857.84 ms,  5.22 GB
[com.ternerwill.main:9440]   (typeflow):  26,034.75 ms,  5.22 GB
[com.ternerwill.main:9440]    (objects):  32,726.71 ms,  5.22 GB
[com.ternerwill.main:9440]   (features):   3,436.65 ms,  5.22 GB
[com.ternerwill.main:9440]     analysis:  64,954.52 ms,  5.22 GB
[com.ternerwill.main:9440]     universe:   1,941.38 ms,  5.22 GB
[com.ternerwill.main:9440]      (parse):   7,296.93 ms,  5.22 GB
[com.ternerwill.main:9440]     (inline):  11,751.80 ms,  5.78 GB
[com.ternerwill.main:9440]    (compile):  43,678.08 ms,  5.96 GB
[com.ternerwill.main:9440]      compile:  65,445.06 ms,  5.96 GB
[com.ternerwill.main:9440]        image:   6,840.88 ms,  5.94 GB
[com.ternerwill.main:9440]        write:     150.77 ms,  5.94 GB
# Printing build artifacts to: com.ternerwill.main.build_artifacts.txt
[com.ternerwill.main:9440]      [total]: 146,415.04 ms,  5.94 GB


Result
======
result: 0