Process
=======
compile

Command Line
============
D:\graalvm-svm-windows-gluon-21.1.0-dev\bin\native-image.cmd "-Djdk.internal.lambda.eagerlyInitialize=false" --no-server -H:+ExitAfterRelocatableImageWrite -H:+SharedLibrary -H:+AddAllCharsets -H:+ReportExceptionStackTraces -H:-DeadlockWatchdogExitOnTimeout "-H:DeadlockWatchdogInterval=0" -H:+RemoveSaturatedTypeFlows "--features=org.graalvm.home.HomeFinderFeature" "-H:TempDirectory=C:\Users\WillTerner\gitRepository\eclipse-workspace\shutdownApplication\target\client\x86_64-windows\gvm\tmp" "-H:EnableURLProtocols=http,https" "-H:ReflectionConfigurationFiles=C:\Users\WillTerner\gitRepository\eclipse-workspace\shutdownApplication\target\client\x86_64-windows\gvm\reflectionconfig-x86_64-windows.json" "-H:JNIConfigurationFiles=C:\Users\WillTerner\gitRepository\eclipse-workspace\shutdownApplication\target\client\x86_64-windows\gvm\jniconfig-x86_64-windows.json" "-H:ResourceConfigurationFiles=C:\Users\WillTerner\gitRepository\eclipse-workspace\shutdownApplication\target\client\x86_64-windows\gvm\resourceconfig-x86_64-windows.json" "-H:IncludeResourceBundles=com/sun/javafx/scene/control/skin/resources/controls,com/sun/javafx/scene/control/skin/resources/controls-nt,com.sun.javafx.tk.quantum.QuantumMessagesBundle" "-Dsvm.platform=org.graalvm.nativeimage.Platform$WINDOWS_AMD64" -cp "C:\Users\WillTerner\gitRepository\eclipse-workspace\shutdownApplication\target\client\x86_64-windows\gvm\tmp\classpathJar.jar" com.ternerwill.Main

Output
======
Warning: Ignoring server-mode native-image argument --no-server.
[com.ternerwill.main:14460]    classlist:   2,211.67 ms,  0.96 GB
[com.ternerwill.main:14460]        (cap):   1,494.80 ms,  0.96 GB
[com.ternerwill.main:14460]        setup:   4,292.61 ms,  0.96 GB
[com.ternerwill.main:14460]     (clinit):     810.18 ms,  5.23 GB
[com.ternerwill.main:14460]   (typeflow):  23,160.70 ms,  5.23 GB
[com.ternerwill.main:14460]    (objects):  33,320.27 ms,  5.23 GB
[com.ternerwill.main:14460]   (features):   3,399.32 ms,  5.23 GB
[com.ternerwill.main:14460]     analysis:  62,576.18 ms,  5.23 GB
[com.ternerwill.main:14460]     universe:   1,869.08 ms,  5.23 GB
[com.ternerwill.main:14460]      (parse):   6,658.96 ms,  5.23 GB
[com.ternerwill.main:14460]     (inline):  11,003.89 ms,  5.74 GB
[com.ternerwill.main:14460]    (compile):  44,768.52 ms,  5.96 GB
[com.ternerwill.main:14460]      compile:  65,007.98 ms,  5.96 GB
[com.ternerwill.main:14460]        image:   7,795.77 ms,  5.95 GB
[com.ternerwill.main:14460]        write:     205.93 ms,  5.95 GB
# Printing build artifacts to: com.ternerwill.main.build_artifacts.txt
[com.ternerwill.main:14460]      [total]: 144,531.68 ms,  5.95 GB


Result
======
result: 0