Process
=======
compile

Command Line
============
D:\graalvm-svm-windows-gluon-21.1.0-dev\bin\native-image.cmd "-Djdk.internal.lambda.eagerlyInitialize=false" --no-server -H:+ExitAfterRelocatableImageWrite -H:+SharedLibrary -H:+AddAllCharsets -H:+ReportExceptionStackTraces -H:-DeadlockWatchdogExitOnTimeout "-H:DeadlockWatchdogInterval=0" -H:+RemoveSaturatedTypeFlows "--features=org.graalvm.home.HomeFinderFeature" "-H:TempDirectory=c:\Users\WillTerner\gitRepository\eclipse-workspace\shutdownApplication\target\client\x86_64-windows\gvm\tmp" "-H:EnableURLProtocols=http,https" "-H:ReflectionConfigurationFiles=c:\Users\WillTerner\gitRepository\eclipse-workspace\shutdownApplication\target\client\x86_64-windows\gvm\reflectionconfig-x86_64-windows.json" "-H:JNIConfigurationFiles=c:\Users\WillTerner\gitRepository\eclipse-workspace\shutdownApplication\target\client\x86_64-windows\gvm\jniconfig-x86_64-windows.json" "-H:ResourceConfigurationFiles=c:\Users\WillTerner\gitRepository\eclipse-workspace\shutdownApplication\target\client\x86_64-windows\gvm\resourceconfig-x86_64-windows.json" "-H:IncludeResourceBundles=com/sun/javafx/scene/control/skin/resources/controls,com/sun/javafx/scene/control/skin/resources/controls-nt,com.sun.javafx.tk.quantum.QuantumMessagesBundle" "-Dsvm.platform=org.graalvm.nativeimage.Platform$WINDOWS_AMD64" -cp "c:\Users\WillTerner\gitRepository\eclipse-workspace\shutdownApplication\target\client\x86_64-windows\gvm\tmp\classpathJar.jar" com.ternerwill.Main

Output
======
Warning: Ignoring server-mode native-image argument --no-server.
[com.ternerwill.main:12528]    classlist:   2,468.21 ms,  0.96 GB
[com.ternerwill.main:12528]        (cap):   1,491.98 ms,  0.96 GB
[com.ternerwill.main:12528]        setup:   4,372.81 ms,  0.96 GB
[com.ternerwill.main:12528]     (clinit):     841.22 ms,  5.08 GB
[com.ternerwill.main:12528]   (typeflow):  24,110.98 ms,  5.08 GB
[com.ternerwill.main:12528]    (objects):  29,415.93 ms,  5.08 GB
[com.ternerwill.main:12528]   (features):   2,974.35 ms,  5.08 GB
[com.ternerwill.main:12528]     analysis:  59,041.65 ms,  5.08 GB
[com.ternerwill.main:12528]     universe:   1,868.34 ms,  5.08 GB
[com.ternerwill.main:12528]      (parse):   8,055.11 ms,  5.02 GB
[com.ternerwill.main:12528]     (inline):  10,879.10 ms,  6.26 GB
[com.ternerwill.main:12528]    (compile):  42,831.29 ms,  5.98 GB
[com.ternerwill.main:12528]      compile:  64,317.45 ms,  5.98 GB
[com.ternerwill.main:12528]        image:   6,619.66 ms,  6.07 GB
[com.ternerwill.main:12528]        write:     143.02 ms,  6.07 GB
# Printing build artifacts to: com.ternerwill.main.build_artifacts.txt
[com.ternerwill.main:12528]      [total]: 139,379.99 ms,  6.07 GB


Result
======
result: 0